Copyright 1986-2022 Xilinx, Inc. All Rights Reserved.
------------------------------------------------------------------------------------------------------------------
| Tool Version : Vivado v.2022.1 (win64) Build 3526262 Mon Apr 18 15:48:16 MDT 2022
| Date         : Mon Dec  2 23:03:31 2024
| Host         : DESKTOP-RJ15DL8 running 64-bit major release  (build 9200)
| Command      : report_drc -file BLACKJACK_drc_opted.rpt -pb BLACKJACK_drc_opted.pb -rpx BLACKJACK_drc_opted.rpx
| Design       : BLACKJACK
| Device       : xc7a35ticpg236-1L
| Speed File   : -1L
| Design State : Synthesized
------------------------------------------------------------------------------------------------------------------

Report DRC

Table of Contents
-----------------
1. REPORT SUMMARY
2. REPORT DETAILS

1. REPORT SUMMARY
-----------------
            Netlist: netlist
          Floorplan: design_1
      Design limits: <entire design considered>
           Ruledeck: default
             Max violations: <unlimited>
             Violations found: 2
+-------------+----------+-------------------------------------------------------------+------------+
| Rule        | Severity | Description                                                 | Violations |
+-------------+----------+-------------------------------------------------------------+------------+
| CFGBVS-1    | Warning  | Missing CFGBVS and CONFIG_VOLTAGE Design Properties         | 1          |
| PLHOLDVIO-2 | Warning  | Non-Optimal connections which could lead to hold violations | 1          |
+-------------+----------+-------------------------------------------------------------+------------+

2. REPORT DETAILS
-----------------
CFGBVS-1#1 Warning
Missing CFGBVS and CONFIG_VOLTAGE Design Properties  
Neither the CFGBVS nor CONFIG_VOLTAGE voltage property is set in the current_design.  Configuration bank voltage select (CFGBVS) must be set to VCCO or GND, and CONFIG_VOLTAGE must be set to the correct configuration voltage, in order to determine the I/O voltage support for the pins in bank 0.  It is suggested to specify these either using the 'Edit Device Properties' function in the GUI or directly in the XDC file using the following syntax:

 set_property CFGBVS value1 [current_design]
 #where value1 is either VCCO or GND

 set_property CONFIG_VOLTAGE value2 [current_design]
 #where value2 is the voltage provided to configuration bank 0

Refer to the device configuration user guide for more information.
Related violations: <none>

PLHOLDVIO-2#1 Warning
Non-Optimal connections which could lead to hold violations  
A LUT vga_controller/h_count_next[9]_i_2 is driving clock pin of 20 cells. This could lead to large hold time violations. Involved cells are:
vga_controller/h_count_next_reg[0], vga_controller/h_count_next_reg[1],
vga_controller/h_count_next_reg[2], vga_controller/h_count_next_reg[3],
vga_controller/h_count_next_reg[4], vga_controller/h_count_next_reg[5],
vga_controller/h_count_next_reg[6], vga_controller/h_count_next_reg[7],
vga_controller/h_count_next_reg[8], vga_controller/h_count_next_reg[9],
vga_controller/v_count_next_reg[0], vga_controller/v_count_next_reg[1],
vga_controller/v_count_next_reg[2], vga_controller/v_count_next_reg[3],
vga_controller/v_count_next_reg[4] (the first 15 of 20 listed)
Related violations: <none>


